<?xml version="1.0" encoding="UTF-8"?>
<!-- Generated by org.testng.reporters.JUnitReportReporter -->
<testsuite hostname="LAPTOP-6L50N0K4" failures="0" tests="1" name="com.Tests.signInPage_Test" time="40.139" errors="0" timestamp="2023-08-30T13:43:48 IST" skipped="0">
  <testcase classname="com.Tests.signInPage_Test" name="signIN" time="40.139"/>
  <system-out/>
</testsuite> <!-- com.Tests.signInPage_Test -->
