<?xml version="1.0" encoding="UTF-8"?>
<!-- Generated by org.testng.reporters.JUnitReportReporter -->
<testsuite hostname="LAPTOP-6L50N0K4" failures="0" tests="1" name="com.Tests.creatAccountPage_Test" time="51.462" errors="0" timestamp="2023-08-30T13:24:57 IST" skipped="0">
  <testcase classname="com.Tests.creatAccountPage_Test" name="My_account" time="51.462"/>
  <system-out/>
</testsuite> <!-- com.Tests.creatAccountPage_Test -->
