<?xml version="1.0" encoding="UTF-8"?>
<!-- Generated by org.testng.reporters.JUnitReportReporter -->
<testsuite hostname="LAPTOP-6L50N0K4" failures="0" tests="1" name="com.Tests.signInPage_Test" time="26.873" errors="0" timestamp="2023-08-31T13:18:37 IST" skipped="0">
  <testcase classname="com.Tests.signInPage_Test" name="signIN" time="26.873"/>
  <system-out/>
</testsuite> <!-- com.Tests.signInPage_Test -->
