<?xml version="1.0" encoding="UTF-8"?>
<!-- Generated by org.testng.reporters.JUnitReportReporter -->
<testsuite hostname="LAPTOP-6L50N0K4" failures="0" tests="1" name="com.Tests.homePage_Test" time="166.329" errors="0" timestamp="2023-08-30T18:41:03 IST" skipped="0">
  <testcase classname="com.Tests.homePage_Test" name="home_Page" time="166.329"/>
  <system-out/>
</testsuite> <!-- com.Tests.homePage_Test -->
