<?xml version="1.0" encoding="UTF-8"?>
<!-- Generated by org.testng.reporters.JUnitReportReporter -->
<testsuite hostname="LAPTOP-6L50N0K4" failures="0" tests="1" name="com.Tests.creatAccountPage_Test" time="173.204" errors="0" timestamp="2023-08-31T13:18:37 IST" skipped="0">
  <testcase classname="com.Tests.creatAccountPage_Test" name="My_account" time="173.204"/>
  <system-out/>
</testsuite> <!-- com.Tests.creatAccountPage_Test -->
